<?xml version="1.0" encoding="UTF-8"?>
<!-- Generated by org.testng.reporters.JUnitReportReporter -->
<testsuite hostname="DESKTOP-3C9HAJ0" failures="0" tests="1" name="AllTestCases.BasicTests" time="387.106" errors="0" timestamp="2022-09-16T19:02:54 IST" skipped="0">
  <testcase classname="AllTestCases.BasicTests" name="demoTest" time="387.106"/>
  <system-out/>
</testsuite> <!-- AllTestCases.BasicTests -->
