<?xml version="1.0" encoding="UTF-8"?>
<!-- Generated by org.testng.reporters.JUnitReportReporter -->
<testsuite hostname="DESKTOP-3C9HAJ0" failures="0" tests="1" name="Project1.Mini_Project.initDriver" time="26.268" errors="0" timestamp="2022-09-07T16:19:45 IST" skipped="0">
  <testcase classname="Project1.Mini_Project.initDriver" name="startDriver" time="26.268"/>
  <system-out/>
</testsuite> <!-- Project1.Mini_Project.initDriver -->
