<?xml version="1.0" encoding="UTF-8"?>
<!-- Generated by org.testng.reporters.JUnitReportReporter -->
<testsuite hostname="DESKTOP-3C9HAJ0" failures="0" tests="21" name="AllTestCases.Device1Tests" time="12.335" errors="1" timestamp="2022-09-17T17:23:54 IST" skipped="20">
  <testcase classname="AllTestCases.Device1Tests" name="Device1_WA_Test" time="12.335">
    <error message="Profile must be set" type="java.lang.IllegalArgumentException">
      <![CDATA[java.lang.IllegalArgumentException: Profile must be set
at org.openqa.selenium.internal.Require.nonNull(Require.java:59)
at org.openqa.selenium.firefox.FirefoxOptions.setProfile(FirefoxOptions.java:209)
at Project1.Mini_Project.DriverManager.startDriver(DriverManager.java:38)
at AllTestCases.Device1Tests.Device1_WA_Test(Device1Tests.java:133)
at java.base/jdk.internal.reflect.NativeMethodAccessorImpl.invoke0(Native Method)
at java.base/jdk.internal.reflect.NativeMethodAccessorImpl.invoke(NativeMethodAccessorImpl.java:77)
at java.base/jdk.internal.reflect.DelegatingMethodAccessorImpl.invoke(DelegatingMethodAccessorImpl.java:43)
at java.base/java.lang.reflect.Method.invoke(Method.java:568)
at org.testng.internal.MethodInvocationHelper.invokeMethod(MethodInvocationHelper.java:133)
at org.testng.internal.TestInvoker.invokeMethod(TestInvoker.java:598)
at org.testng.internal.TestInvoker.invokeTestMethod(TestInvoker.java:173)
at org.testng.internal.MethodRunner.runInSequence(MethodRunner.java:46)
at org.testng.internal.TestInvoker$MethodInvocationAgent.invoke(TestInvoker.java:824)
at org.testng.internal.TestInvoker.invokeTestMethods(TestInvoker.java:146)
at org.testng.internal.TestMethodWorker.invokeTestMethods(TestMethodWorker.java:146)
at org.testng.internal.TestMethodWorker.run(TestMethodWorker.java:128)
at java.base/java.util.ArrayList.forEach(ArrayList.java:1511)
at org.testng.TestRunner.privateRun(TestRunner.java:794)
at org.testng.TestRunner.run(TestRunner.java:596)
at org.testng.SuiteRunner.runTest(SuiteRunner.java:377)
at org.testng.SuiteRunner.runSequentially(SuiteRunner.java:371)
at org.testng.SuiteRunner.privateRun(SuiteRunner.java:332)
at org.testng.SuiteRunner.run(SuiteRunner.java:276)
at org.testng.SuiteRunnerWorker.runSuite(SuiteRunnerWorker.java:53)
at org.testng.SuiteRunnerWorker.run(SuiteRunnerWorker.java:96)
at org.testng.TestNG.runSuitesSequentially(TestNG.java:1212)
at org.testng.TestNG.runSuitesLocally(TestNG.java:1134)
at org.testng.TestNG.runSuites(TestNG.java:1063)
at org.testng.TestNG.run(TestNG.java:1031)
at org.testng.remote.AbstractRemoteTestNG.run(AbstractRemoteTestNG.java:115)
at org.testng.remote.RemoteTestNG.initAndRun(RemoteTestNG.java:251)
at org.testng.remote.RemoteTestNG.main(RemoteTestNG.java:77)
]]>
    </error>
  </testcase> <!-- Device1_WA_Test -->
  <system-out/>
  <testcase classname="AllTestCases.Device1Tests" name="Device1_WORKOG_Test">
    <skipped/>
  </testcase> <!-- Device1_WORKOG_Test -->
  <system-out/>
  <testcase classname="AllTestCases.Device1Tests" name="Device1_AERO_Test">
    <skipped/>
  </testcase> <!-- Device1_AERO_Test -->
  <system-out/>
  <testcase classname="AllTestCases.Device1Tests" name="Device1_DUALGB_Test">
    <skipped/>
  </testcase> <!-- Device1_DUALGB_Test -->
  <system-out/>
  <testcase classname="AllTestCases.Device1Tests" name="Device1_DUALWA_Test">
    <skipped/>
  </testcase> <!-- Device1_DUALWA_Test -->
  <system-out/>
  <testcase classname="AllTestCases.Device1Tests" name="Device1_WORKFM_Test">
    <skipped/>
  </testcase> <!-- Device1_WORKFM_Test -->
  <system-out/>
  <testcase classname="AllTestCases.Device1Tests" name="Device1_DUALYO_Test">
    <skipped/>
  </testcase> <!-- Device1_DUALYO_Test -->
  <system-out/>
  <testcase classname="AllTestCases.Device1Tests" name="Device1_DUALAERO_Test">
    <skipped/>
  </testcase> <!-- Device1_DUALAERO_Test -->
  <system-out/>
  <testcase classname="AllTestCases.Device1Tests" name="Device1_WORKAERO_Test">
    <skipped/>
  </testcase> <!-- Device1_WORKAERO_Test -->
  <system-out/>
  <testcase classname="AllTestCases.Device1Tests" name="Device1_FM_Test">
    <skipped/>
  </testcase> <!-- Device1_FM_Test -->
  <system-out/>
  <testcase classname="AllTestCases.Device1Tests" name="Device1_WB_Test">
    <skipped/>
  </testcase> <!-- Device1_WB_Test -->
  <system-out/>
  <testcase classname="AllTestCases.Device1Tests" name="Device1_DUALWB_Test">
    <skipped/>
  </testcase> <!-- Device1_DUALWB_Test -->
  <system-out/>
  <testcase classname="AllTestCases.Device1Tests" name="Device1_WORKWB_Test">
    <skipped/>
  </testcase> <!-- Device1_WORKWB_Test -->
  <system-out/>
  <testcase classname="AllTestCases.Device1Tests" name="Device1_OG_Test">
    <skipped/>
  </testcase> <!-- Device1_OG_Test -->
  <system-out/>
  <testcase classname="AllTestCases.Device1Tests" name="Device1_DUALOG_Test">
    <skipped/>
  </testcase> <!-- Device1_DUALOG_Test -->
  <system-out/>
  <testcase classname="AllTestCases.Device1Tests" name="Device1_DUALFM_Test">
    <skipped/>
  </testcase> <!-- Device1_DUALFM_Test -->
  <system-out/>
  <testcase classname="AllTestCases.Device1Tests" name="Device1_GB_Test">
    <skipped/>
  </testcase> <!-- Device1_GB_Test -->
  <system-out/>
  <testcase classname="AllTestCases.Device1Tests" name="Device1_WORKYO_Test">
    <skipped/>
  </testcase> <!-- Device1_WORKYO_Test -->
  <system-out/>
  <testcase classname="AllTestCases.Device1Tests" name="Device1_WORKGB_Test">
    <skipped/>
  </testcase> <!-- Device1_WORKGB_Test -->
  <system-out/>
  <testcase classname="AllTestCases.Device1Tests" name="Device1_YO_Test">
    <skipped/>
  </testcase> <!-- Device1_YO_Test -->
  <system-out/>
  <testcase classname="AllTestCases.Device1Tests" name="Device1_WORKWA_Test">
    <skipped/>
  </testcase> <!-- Device1_WORKWA_Test -->
  <system-out/>
</testsuite> <!-- AllTestCases.Device1Tests -->
