<?xml version="1.0" encoding="UTF-8"?>
<!-- Generated by org.testng.reporters.JUnitReportReporter -->
<testsuite hostname="EC2AMAZ-PRKQAAJ" failures="0" tests="7" name="AllTestCases.Device1Tests" time="0.052" errors="0" timestamp="2022-09-20T11:32:42 UTC" skipped="6">
  <testcase classname="AllTestCases.Device1Tests" name="demoTest" time="0.052"/>
  <system-out/>
  <testcase classname="AllTestCases.Device1Tests" name="Device1_WORKWB_Test">
    <skipped/>
  </testcase> <!-- Device1_WORKWB_Test -->
  <system-out/>
  <testcase classname="AllTestCases.Device1Tests" name="Device1_WORKOG_Test">
    <skipped/>
  </testcase> <!-- Device1_WORKOG_Test -->
  <system-out/>
  <testcase classname="AllTestCases.Device1Tests" name="Device1_OG_Test">
    <skipped/>
  </testcase> <!-- Device1_OG_Test -->
  <system-out/>
  <testcase classname="AllTestCases.Device1Tests" name="Device1_DUALOG_Test">
    <skipped/>
  </testcase> <!-- Device1_DUALOG_Test -->
  <system-out/>
  <testcase classname="AllTestCases.Device1Tests" name="Device1_WORKYO_Test">
    <skipped/>
  </testcase> <!-- Device1_WORKYO_Test -->
  <system-out/>
  <testcase classname="AllTestCases.Device1Tests" name="Device1_WORKGB_Test">
    <skipped/>
  </testcase> <!-- Device1_WORKGB_Test -->
  <system-out/>
</testsuite> <!-- AllTestCases.Device1Tests -->
